<?xml version="1.0" encoding="UTF-8"?>
<testng-results ignored="0" total="5" passed="5" failed="0" skipped="0">
  <reporter-output>
  </reporter-output>
  <suite started-at="2022-02-05T11:38:59 IRST" name="Default suite" finished-at="2022-02-05T11:39:04 IRST" duration-ms="5901">
    <groups>
    </groups>
    <test started-at="2022-02-05T11:38:59 IRST" name="Default test" finished-at="2022-02-05T11:39:04 IRST" duration-ms="5901">
      <class name="API_test_demo.APIDemo1">
        <test-method signature="delete_demo1()[pri:0, instance:API_test_demo.APIDemo1@55795845]" started-at="2022-02-05T11:38:59 IRST" name="delete_demo1" finished-at="2022-02-05T11:39:01 IRST" duration-ms="2132" status="PASS">
          <reporter-output>
          </reporter-output>
        </test-method> <!-- delete_demo1 -->
        <test-method signature="get_demo1()[pri:0, instance:API_test_demo.APIDemo1@55795845]" started-at="2022-02-05T11:39:01 IRST" name="get_demo1" finished-at="2022-02-05T11:39:02 IRST" duration-ms="1157" status="PASS">
          <reporter-output>
          </reporter-output>
        </test-method> <!-- get_demo1 -->
        <test-method signature="patch_demo1()[pri:0, instance:API_test_demo.APIDemo1@55795845]" started-at="2022-02-05T11:39:02 IRST" name="patch_demo1" finished-at="2022-02-05T11:39:03 IRST" duration-ms="892" status="PASS">
          <reporter-output>
          </reporter-output>
        </test-method> <!-- patch_demo1 -->
        <test-method signature="post_demo1()[pri:0, instance:API_test_demo.APIDemo1@55795845]" started-at="2022-02-05T11:39:03 IRST" name="post_demo1" finished-at="2022-02-05T11:39:04 IRST" duration-ms="832" status="PASS">
          <reporter-output>
          </reporter-output>
        </test-method> <!-- post_demo1 -->
        <test-method signature="put_demo1()[pri:0, instance:API_test_demo.APIDemo1@55795845]" started-at="2022-02-05T11:39:04 IRST" name="put_demo1" finished-at="2022-02-05T11:39:04 IRST" duration-ms="862" status="PASS">
          <reporter-output>
          </reporter-output>
        </test-method> <!-- put_demo1 -->
      </class> <!-- API_test_demo.APIDemo1 -->
    </test> <!-- Default test -->
  </suite> <!-- Default suite -->
</testng-results>
