<?xml version="1.0" encoding="UTF-8"?>
<!-- Generated by org.testng.reporters.JUnitXMLReporter -->
<testsuite ignored="0" hostname="Rmaster90" failures="0" tests="5" name="Default test" time="5.901" errors="0" timestamp="2022-02-05T11:39:04 IRST">
  <testcase classname="API_test_demo.APIDemo1" name="delete_demo1" time="2.132"/>
  <testcase classname="API_test_demo.APIDemo1" name="get_demo1" time="1.157"/>
  <testcase classname="API_test_demo.APIDemo1" name="patch_demo1" time="0.892"/>
  <testcase classname="API_test_demo.APIDemo1" name="post_demo1" time="0.832"/>
  <testcase classname="API_test_demo.APIDemo1" name="put_demo1" time="0.862"/>
</testsuite> <!-- Default test -->
